<?xml version="1.0" encoding="UTF-8"?>
<!-- Generated by org.testng.reporters.JUnitReportReporter -->
<testsuite skipped="0" hostname="DESKTOP-1B80INB" name="jenkins.JenkinsIntegrationWithGIT" tests="1" failures="0" timestamp="17 Feb 2019 17:09:28 GMT" time="0.070" errors="0">
  <testcase name="JenkinsIntegrationWithGITMethod" time="0.070" classname="jenkins.JenkinsIntegrationWithGIT"/>
</testsuite> <!-- jenkins.JenkinsIntegrationWithGIT -->
